<?xml version="1.0" encoding="UTF-8"?>
<testsuite xmlns:xsi="http://www.w3.org/2001/XMLSchema-instance" xsi:noNamespaceSchemaLocation="https://maven.apache.org/surefire/maven-surefire-plugin/xsd/surefire-test-report-3.0.xsd" version="3.0" name="com.examly.springapp.SpringappApplicationTests" time="4.081" tests="80" errors="0" skipped="0" failures="0">
  <properties>
[...]
</properties>
  <testcase name="Day3_test_Controller_Directory_Exists" classname="com.examly.springapp.SpringappApplicationTests" time="0.14">
    <system-out><![CDATA[09:48:05.188 [main] DEBUG org.springframework.boot.test.context.SpringBootTestContextBootstrapper - Neither @ContextConfiguration nor @ContextHierarchy found for test class [SpringappApplicationTests]: using SpringBootContextLoader
09:48:05.191 [main] DEBUG org.springframework.test.context.support.AbstractContextLoader - Could not detect default resource locations for test class [com.examly.springapp.SpringappApplicationTests]: no resource found for suffixes {-context.xml, Context.groovy}.
09:48:05.191 [main] INFO org.springframework.test.context.support.AnnotationConfigContextLoaderUtils - Could not detect default configuration classes for test class [com.examly.springapp.SpringappApplicationTests]: SpringappApplicationTests does not declare any static, non-private, non-final, nested classes annotated with @Configuration.
09:48:05.218 [main] DEBUG org.springframework.boot.test.context.SpringBootTestContextBootstrapper - Using ContextCustomizers for test class [SpringappApplicationTests]: [ImportsContextCustomizer, ExcludeFilterContextCustomizer, DuplicateJsonObjectContextCustomizer, MockitoContextCustomizer, TestRestTemplateContextCustomizer, DisableObservabilityContextCustomizer, PropertyMappingContextCustomizer, Customizer]
09:48:05.265 [main] DEBUG org.springframework.context.annotation.ClassPathScanningCandidateComponentProvider - Identified candidate component class: file [/home/coder/project/workspace/springapp/target/classes/com/examly/springapp/SpringappApplication.class]
09:48:05.266 [main] INFO org.springframework.boot.test.context.SpringBootTestContextBootstrapper - Found @SpringBootConfiguration com.examly.springapp.SpringappApplication for test class com.examly.springapp.SpringappApplicationTests
09:48:05.330 [main] DEBUG org.springframework.boot.test.context.SpringBootTestContextBootstrapper - Using TestExecutionListeners for test class [SpringappApplicationTests]: [ServletTestExecutionListener, DirtiesContextBeforeModesTestExecutionListener, ApplicationEventsTestExecutionListener, MockitoTestExecutionListener, DependencyInjectionTestExecutionListener, DirtiesContextTestExecutionListener, TransactionalTestExecutionListener, SqlScriptsTestExecutionListener, EventPublishingTestExecutionListener, ResetMocksTestExecutionListener, RestDocsTestExecutionListener, MockRestServiceServerResetTestExecutionListener, MockMvcPrintOnlyOnFailureTestExecutionListener, WebDriverTestExecutionListener, MockWebServiceServerTestExecutionListener]
09:48:05.331 [main] DEBUG org.springframework.test.context.support.AbstractDirtiesContextTestExecutionListener - Before test class: class [SpringappApplicationTests], class annotated with @DirtiesContext [false] with mode [null]

  .   ____          _            __ _ _
 /\\ / ___'_ __ _ _(_)_ __  __ _ \ \ \ \
( ( )\___ | '_ | '_| | '_ \/ _` | \ \ \ \
 \\/  ___)| |_)| | | | | || (_| |  ) ) ) )
  '  |____| .__|_| |_|_| |_\__, | / / / /
 =========|_|==============|___/=/_/_/_/
 :: Spring Boot ::                (v3.0.1)

2025-12-24T09:48:05.531Z  INFO 25353 --- [           main] c.e.springapp.SpringappApplicationTests  : Starting SpringappApplicationTests using Java 17.0.17 with PID 25353 (started by coder in /home/coder/project/workspace/springapp)
2025-12-24T09:48:05.532Z  INFO 25353 --- [           main] c.e.springapp.SpringappApplicationTests  : No active profile set, falling back to 1 default profile: "default"
2025-12-24T09:48:06.012Z  INFO 25353 --- [           main] .s.d.r.c.RepositoryConfigurationDelegate : Bootstrapping Spring Data JPA repositories in DEFAULT mode.
2025-12-24T09:48:06.060Z  INFO 25353 --- [           main] .s.d.r.c.RepositoryConfigurationDelegate : Finished Spring Data repository scanning in 43 ms. Found 5 JPA repository interfaces.
2025-12-24T09:48:06.375Z  INFO 25353 --- [           main] o.hibernate.jpa.internal.util.LogHelper  : HHH000204: Processing PersistenceUnitInfo [name: default]
2025-12-24T09:48:06.407Z  INFO 25353 --- [           main] org.hibernate.Version                    : HHH000412: Hibernate ORM core version 6.1.6.Final
2025-12-24T09:48:06.520Z  WARN 25353 --- [           main] org.hibernate.orm.deprecation            : HHH90000021: Encountered deprecated setting [javax.persistence.sharedCache.mode], use [jakarta.persistence.sharedCache.mode] instead
2025-12-24T09:48:06.604Z  INFO 25353 --- [           main] com.zaxxer.hikari.HikariDataSource       : HikariPool-1 - Starting...
2025-12-24T09:48:06.737Z  INFO 25353 --- [           main] com.zaxxer.hikari.pool.HikariPool        : HikariPool-1 - Added connection com.mysql.cj.jdbc.ConnectionImpl@6fe04f2a
2025-12-24T09:48:06.739Z  INFO 25353 --- [           main] com.zaxxer.hikari.HikariDataSource       : HikariPool-1 - Start completed.
2025-12-24T09:48:06.753Z  INFO 25353 --- [           main] SQL dialect                              : HHH000400: Using dialect: org.hibernate.dialect.MySQL8Dialect
2025-12-24T09:48:06.753Z  WARN 25353 --- [           main] org.hibernate.orm.deprecation            : HHH90000026: MySQL8Dialect has been deprecated; use org.hibernate.dialect.MySQLDialect instead
Hibernate: alter table interview_feedback drop foreign key FKdjdt1x7xv7o3qsldc8rpad1am
Hibernate: alter table interview_feedback drop foreign key FK8r2sjn2502k7qy30vldnr1ije
Hibernate: alter table job_application drop foreign key FKf7xcreep5xpuln8x5cp5usy5c
Hibernate: alter table job_application drop foreign key FK5ciwo87fs4dl0mjcacmts17f1
Hibernate: alter table job_position drop foreign key FKiy8bbuqhxmmb4xfl9tdiyjtni
Hibernate: drop table if exists applicant
Hibernate: drop table if exists department
Hibernate: drop table if exists interview_feedback
Hibernate: drop table if exists job_application
Hibernate: drop table if exists job_opening
Hibernate: drop table if exists job_position
Hibernate: drop table if exists user
Hibernate: create table applicant (applicant_id bigint not null auto_increment, email varchar(255), first_name varchar(255), last_name varchar(255), phone_number varchar(255), resume_string varchar(255), primary key (applicant_id)) engine=InnoDB
Hibernate: create table department (department_id bigint not null auto_increment, contact_email varchar(255), contact_phone varchar(255), department_name varchar(255), primary key (department_id)) engine=InnoDB
Hibernate: create table interview_feedback (feedback_id bigint not null auto_increment, content varchar(255), interview_round varchar(255), is_internal bit, job_application_id bigint not null, user_id bigint not null, primary key (feedback_id)) engine=InnoDB
Hibernate: create table job_application (application_id bigint not null auto_increment, cover_letter varchar(255), priority varchar(255), resume_url varchar(255), status varchar(255), candidate_id bigint not null, position_id bigint not null, primary key (application_id)) engine=InnoDB
Hibernate: create table job_opening (job_opening_id bigint not null auto_increment, job_description varchar(255), job_title varchar(255), job_type varchar(255), salary float(53), primary key (job_opening_id)) engine=InnoDB
Hibernate: create table job_position (position_id bigint not null auto_increment, description varchar(255), experience_required varchar(255), location varchar(255), openings integer not null, position_title varchar(255), department_id bigint, primary key (position_id)) engine=InnoDB
Hibernate: create table user (user_id bigint not null auto_increment, deparment_id varchar(255), email varchar(255), password varchar(255), phone_number varchar(255), role varchar(255), username varchar(255), primary key (user_id)) engine=InnoDB
Hibernate: alter table interview_feedback add constraint FKdjdt1x7xv7o3qsldc8rpad1am foreign key (job_application_id) references job_application (application_id)
Hibernate: alter table interview_feedback add constraint FK8r2sjn2502k7qy30vldnr1ije foreign key (user_id) references user (user_id)
Hibernate: alter table job_application add constraint FKf7xcreep5xpuln8x5cp5usy5c foreign key (candidate_id) references user (user_id)
Hibernate: alter table job_application add constraint FK5ciwo87fs4dl0mjcacmts17f1 foreign key (position_id) references job_position (position_id)
Hibernate: alter table job_position add constraint FKiy8bbuqhxmmb4xfl9tdiyjtni foreign key (department_id) references department (department_id)
2025-12-24T09:48:07.696Z  INFO 25353 --- [           main] o.h.e.t.j.p.i.JtaPlatformInitiator       : HHH000490: Using JtaPlatform implementation: [org.hibernate.engine.transaction.jta.platform.internal.NoJtaPlatform]
2025-12-24T09:48:07.702Z  INFO 25353 --- [           main] j.LocalContainerEntityManagerFactoryBean : Initialized JPA EntityManagerFactory for persistence unit 'default'
2025-12-24T09:48:08.086Z  WARN 25353 --- [           main] JpaBaseConfiguration$JpaWebConfiguration : spring.jpa.open-in-view is enabled by default. Therefore, database queries may be performed during view rendering. Explicitly configure spring.jpa.open-in-view to disable this warning
2025-12-24T09:48:08.335Z  INFO 25353 --- [           main] o.s.b.t.m.w.SpringBootMockServletContext : Initializing Spring TestDispatcherServlet ''
2025-12-24T09:48:08.335Z  INFO 25353 --- [           main] o.s.t.web.servlet.TestDispatcherServlet  : Initializing Servlet ''
2025-12-24T09:48:08.337Z  INFO 25353 --- [           main] o.s.t.web.servlet.TestDispatcherServlet  : Completed initialization in 1 ms
2025-12-24T09:48:08.351Z  INFO 25353 --- [           main] c.e.springapp.SpringappApplicationTests  : Started SpringappApplicationTests in 2.994 seconds (process running for 3.687)
]]></system-out>
  </testcase>
  <testcase name="Day3_test_Model_Directory_Exists" classname="com.examly.springapp.SpringappApplicationTests" time="0.003"/>
  <testcase name="Day3_test_Service_Directory_Exists" classname="com.examly.springapp.SpringappApplicationTests" time="0.003"/>
  <testcase name="Day3_test_Repository_Directory_Exists" classname="com.examly.springapp.SpringappApplicationTests" time="0.003"/>
  <testcase name="Day4_test_UserModel_File_Exists" classname="com.examly.springapp.SpringappApplicationTests" time="0.002"/>
  <testcase name="Day4_test_DepartmentModel_File_Exists" classname="com.examly.springapp.SpringappApplicationTests" time="0.002"/>
  <testcase name="Day4_test_JobApplicationModel_File_Exists" classname="com.examly.springapp.SpringappApplicationTests" time="0.002"/>
  <testcase name="Day4_test_JobPosition_File_Exists" classname="com.examly.springapp.SpringappApplicationTests" time="0.001"/>
  <testcase name="Day4_test_InterviewFeedback_File_Exists" classname="com.examly.springapp.SpringappApplicationTests" time="0.002"/>
  <testcase name="Day4_test_JobApplication_Has_Entity_Annotation" classname="com.examly.springapp.SpringappApplicationTests" time="0.002"/>
  <testcase name="Day4_test_JobApplication_Has_Id_Annotation_On_Field" classname="com.examly.springapp.SpringappApplicationTests" time="0.002"/>
  <testcase name="Day5_test_UserRepository_File_Exists" classname="com.examly.springapp.SpringappApplicationTests" time="0.002"/>
  <testcase name="Day5_test_DepartmentRepository_File_Exists" classname="com.examly.springapp.SpringappApplicationTests" time="0.002"/>
  <testcase name="Day5_test_JobApplicationRepository_File_Exists" classname="com.examly.springapp.SpringappApplicationTests" time="0.002"/>
  <testcase name="Day5_test_JobPositionRepository_File_Exists" classname="com.examly.springapp.SpringappApplicationTests" time="0.002"/>
  <testcase name="Day5_test_InterviewFeedbackRepository_File_Exists" classname="com.examly.springapp.SpringappApplicationTests" time="0.001"/>
  <testcase name="Day5_test_UserRepository_Has_Repository_Annotation" classname="com.examly.springapp.SpringappApplicationTests" time="0.001"/>
  <testcase name="Day5_test_DepartmentRepository_Has_Repository_Annotation" classname="com.examly.springapp.SpringappApplicationTests" time="0.001"/>
  <testcase name="Day5_test_JobApplicationRepository_Has_Repository_Annotation" classname="com.examly.springapp.SpringappApplicationTests" time="0.001"/>
  <testcase name="Day5_test_JobPositionRepository_Has_Repository_Annotation" classname="com.examly.springapp.SpringappApplicationTests" time="0.001"/>
  <testcase name="Day5_test_InterviewFeedbackRepository_Has_Repository_Annotation" classname="com.examly.springapp.SpringappApplicationTests" time="0.001"/>
  <testcase name="Day6_test_UserController_File_Exists" classname="com.examly.springapp.SpringappApplicationTests" time="0.001"/>
  <testcase name="Day6_test_DepartmentController_File_Exists" classname="com.examly.springapp.SpringappApplicationTests" time="0.001"/>
  <testcase name="Day6_test_JobApplicationController_File_Exists" classname="com.examly.springapp.SpringappApplicationTests" time="0.001"/>
  <testcase name="Day6_test_JobPositionController_File_Exists" classname="com.examly.springapp.SpringappApplicationTests" time="0.002"/>
  <testcase name="Day6_test_InterviewFeedbackController_File_Exists" classname="com.examly.springapp.SpringappApplicationTests" time="0.002"/>
  <testcase name="Day6_test_UserController_Has_RestController_Annotation" classname="com.examly.springapp.SpringappApplicationTests" time="0.001"/>
  <testcase name="Day6_test_JobApplicationController_Has_RestController_Annotation" classname="com.examly.springapp.SpringappApplicationTests" time="0.001"/>
  <testcase name="Day6_test_JobApplicationController_Has_PostMapping" classname="com.examly.springapp.SpringappApplicationTests" time="0.001"/>
  <testcase name="Day6_test_JobApplicationController_Has_GetMapping" classname="com.examly.springapp.SpringappApplicationTests" time="0.001"/>
  <testcase name="Day6_test_JobApplicationController_Has_PutMapping" classname="com.examly.springapp.SpringappApplicationTests" time="0.001"/>
  <testcase name="Day6_test_JobApplicationController_Has_DeleteMapping" classname="com.examly.springapp.SpringappApplicationTests" time="0.001"/>
  <testcase name="Day6_testCreateJobApplication_NoBody_StatusBadRequest" classname="com.examly.springapp.SpringappApplicationTests" time="0.061">
    <system-out><![CDATA[2025-12-24T09:48:08.630Z  WARN 25353 --- [           main] .w.s.m.s.DefaultHandlerExceptionResolver : Resolved [org.springframework.http.converter.HttpMessageNotReadableException: Required request body is missing: public org.springframework.http.ResponseEntity<com.examly.springapp.model.JobApplication> com.examly.springapp.controller.JobApplicationController.createJobApplication(com.examly.springapp.model.JobApplication)]
]]></system-out>
  </testcase>
  <testcase name="Day6_testGetAllJobApplications_StatusNoContent" classname="com.examly.springapp.SpringappApplicationTests" time="0.097">
    <system-out><![CDATA[Hibernate: select j1_0.application_id,j1_0.candidate_id,j1_0.cover_letter,j1_0.position_id,j1_0.priority,j1_0.resume_url,j1_0.status from job_application j1_0
]]></system-out>
  </testcase>
  <testcase name="Day6_testGetJobApplicationById_StatusNotFound" classname="com.examly.springapp.SpringappApplicationTests" time="0.024">
    <system-out><![CDATA[Hibernate: select j1_0.application_id,c1_0.user_id,c1_0.deparment_id,c1_0.email,c1_0.password,c1_0.phone_number,c1_0.role,c1_0.username,j1_0.cover_letter,j2_0.position_id,d1_0.department_id,d1_0.contact_email,d1_0.contact_phone,d1_0.department_name,j2_0.description,j2_0.experience_required,j2_0.location,j2_0.openings,j2_0.position_title,j1_0.priority,j1_0.resume_url,j1_0.status from job_application j1_0 join user c1_0 on c1_0.user_id=j1_0.candidate_id join job_position j2_0 on j2_0.position_id=j1_0.position_id left join department d1_0 on d1_0.department_id=j2_0.department_id where j1_0.application_id=?
]]></system-out>
  </testcase>
  <testcase name="Day7_test_UserController_Has_RequestMapping" classname="com.examly.springapp.SpringappApplicationTests" time="0.002"/>
  <testcase name="Day7_test_UserController_Has_PathVariable" classname="com.examly.springapp.SpringappApplicationTests" time="0.001"/>
  <testcase name="Day7_test_JobApplicationController_Has_RequestMapping" classname="com.examly.springapp.SpringappApplicationTests" time="0.001"/>
  <testcase name="Day7_test_DepartmentController_Has_RequestMapping" classname="com.examly.springapp.SpringappApplicationTests" time="0.001"/>
  <testcase name="Day7_test_JobApplicationController_Has_PathVariable" classname="com.examly.springapp.SpringappApplicationTests" time="0.001"/>
  <testcase name="Day7_test_DepartmentController_Has_PathVariable" classname="com.examly.springapp.SpringappApplicationTests" time="0.002"/>
  <testcase name="Day7_test_JobPositionController_Has_RequestMapping" classname="com.examly.springapp.SpringappApplicationTests" time="0.001"/>
  <testcase name="Day8_test_UserService_File_Exists" classname="com.examly.springapp.SpringappApplicationTests" time="0.001"/>
  <testcase name="Day8_test_DepartmentService_File_Exists" classname="com.examly.springapp.SpringappApplicationTests" time="0.001"/>
  <testcase name="Day8_test_JobApplicationService_File_Exists" classname="com.examly.springapp.SpringappApplicationTests" time="0.001"/>
  <testcase name="Day8_test_JobPositionService_File_Exists" classname="com.examly.springapp.SpringappApplicationTests" time="0.001"/>
  <testcase name="Day8_test_InterviewFeedbackService_File_Exists" classname="com.examly.springapp.SpringappApplicationTests" time="0.002"/>
  <testcase name="Day8_test_UserServiceImpl_File_Exists" classname="com.examly.springapp.SpringappApplicationTests" time="0.002"/>
  <testcase name="Day8_test_DepartmentServiceImpl_File_Exists" classname="com.examly.springapp.SpringappApplicationTests" time="0.001"/>
  <testcase name="Day8_test_JobApplicationServiceImpl_File_Exists" classname="com.examly.springapp.SpringappApplicationTests" time="0.001"/>
  <testcase name="Day8_test_JobPositionServiceImpl_File_Exists" classname="com.examly.springapp.SpringappApplicationTests" time="0.002"/>
  <testcase name="Day8_test_InterviewFeedbackServiceImpl_File_Exists" classname="com.examly.springapp.SpringappApplicationTests" time="0.002"/>
  <testcase name="Day8_testAddDepartment" classname="com.examly.springapp.SpringappApplicationTests" time="0.067">
    <system-out><![CDATA[Hibernate: insert into department (contact_email, contact_phone, department_name) values (?, ?, ?)
]]></system-out>
  </testcase>
  <testcase name="Day8_testGetAllDepartments" classname="com.examly.springapp.SpringappApplicationTests" time="0.011">
    <system-out><![CDATA[Hibernate: select d1_0.department_id,d1_0.contact_email,d1_0.contact_phone,d1_0.department_name from department d1_0
]]></system-out>
  </testcase>
  <testcase name="Day8_testGetDepartmentById" classname="com.examly.springapp.SpringappApplicationTests" time="0.005">
    <system-out><![CDATA[Hibernate: select d1_0.department_id,d1_0.contact_email,d1_0.contact_phone,d1_0.department_name from department d1_0 where d1_0.department_id=?
]]></system-out>
  </testcase>
  <testcase name="Day8_testUpdateDepartment" classname="com.examly.springapp.SpringappApplicationTests" time="0.013">
    <system-out><![CDATA[Hibernate: select d1_0.department_id,d1_0.contact_email,d1_0.contact_phone,d1_0.department_name from department d1_0 where d1_0.department_id=?
Hibernate: update department set contact_email=?, contact_phone=?, department_name=? where department_id=?
]]></system-out>
  </testcase>
  <testcase name="Day9_testPagination_PageNumberApplied" classname="com.examly.springapp.SpringappApplicationTests" time="0.022">
    <system-out><![CDATA[Hibernate: select d1_0.department_id,d1_0.contact_email,d1_0.contact_phone,d1_0.department_name from department d1_0 limit ?,?
]]></system-out>
  </testcase>
  <testcase name="Day9_testPagination_PageSizeApplied" classname="com.examly.springapp.SpringappApplicationTests" time="0.011">
    <system-out><![CDATA[Hibernate: select d1_0.department_id,d1_0.contact_email,d1_0.contact_phone,d1_0.department_name from department d1_0 limit ?,?
Hibernate: select count(d1_0.department_id) from department d1_0
]]></system-out>
  </testcase>
  <testcase name="Day9_testPagination_SortingPresent" classname="com.examly.springapp.SpringappApplicationTests" time="0.008">
    <system-out><![CDATA[Hibernate: select d1_0.department_id,d1_0.contact_email,d1_0.contact_phone,d1_0.department_name from department d1_0 limit ?,?
]]></system-out>
  </testcase>
  <testcase name="Day9_testPagination_ContentArrayExists" classname="com.examly.springapp.SpringappApplicationTests" time="0.008">
    <system-out><![CDATA[Hibernate: select d1_0.department_id,d1_0.contact_email,d1_0.contact_phone,d1_0.department_name from department d1_0 limit ?,?
]]></system-out>
  </testcase>
  <testcase name="Day9_testPagination_TotalElementsExists" classname="com.examly.springapp.SpringappApplicationTests" time="0.009">
    <system-out><![CDATA[Hibernate: select d1_0.department_id,d1_0.contact_email,d1_0.contact_phone,d1_0.department_name from department d1_0 limit ?,?
]]></system-out>
  </testcase>
  <testcase name="Day9_testPagination_TotalPagesExists" classname="com.examly.springapp.SpringappApplicationTests" time="0.008">
    <system-out><![CDATA[Hibernate: select d1_0.department_id,d1_0.contact_email,d1_0.contact_phone,d1_0.department_name from department d1_0 limit ?,?
]]></system-out>
  </testcase>
  <testcase name="Day10_testAddUser" classname="com.examly.springapp.SpringappApplicationTests" time="0.014">
    <system-out><![CDATA[Hibernate: insert into user (deparment_id, email, password, phone_number, role, username) values (?, ?, ?, ?, ?, ?)
]]></system-out>
  </testcase>
  <testcase name="Day10_testGetAllUsers" classname="com.examly.springapp.SpringappApplicationTests" time="0.008">
    <system-out><![CDATA[Hibernate: select u1_0.user_id,u1_0.deparment_id,u1_0.email,u1_0.password,u1_0.phone_number,u1_0.role,u1_0.username from user u1_0
]]></system-out>
  </testcase>
  <testcase name="Day10_testGetUserById" classname="com.examly.springapp.SpringappApplicationTests" time="0.007">
    <system-out><![CDATA[Hibernate: select u1_0.user_id,u1_0.deparment_id,u1_0.email,u1_0.password,u1_0.phone_number,u1_0.role,u1_0.username from user u1_0 where u1_0.user_id=?
]]></system-out>
  </testcase>
  <testcase name="Day10_testUpdateUser" classname="com.examly.springapp.SpringappApplicationTests" time="0.01">
    <system-out><![CDATA[Hibernate: select u1_0.user_id,u1_0.deparment_id,u1_0.email,u1_0.password,u1_0.phone_number,u1_0.role,u1_0.username from user u1_0 where u1_0.user_id=?
Hibernate: update user set deparment_id=?, email=?, password=?, phone_number=?, role=?, username=? where user_id=?
]]></system-out>
  </testcase>
  <testcase name="Day10_testAddJobPosition" classname="com.examly.springapp.SpringappApplicationTests" time="0.019">
    <system-out><![CDATA[Hibernate: insert into department (contact_email, contact_phone, department_name) values (?, ?, ?)
Hibernate: insert into job_position (department_id, description, experience_required, location, openings, position_title) values (?, ?, ?, ?, ?, ?)
]]></system-out>
  </testcase>
  <testcase name="Day10_testGetAllJobPositions" classname="com.examly.springapp.SpringappApplicationTests" time="0.009">
    <system-out><![CDATA[Hibernate: select j1_0.position_id,j1_0.department_id,j1_0.description,j1_0.experience_required,j1_0.location,j1_0.openings,j1_0.position_title from job_position j1_0
Hibernate: select d1_0.department_id,d1_0.contact_email,d1_0.contact_phone,d1_0.department_name from department d1_0 where d1_0.department_id=?
]]></system-out>
  </testcase>
  <testcase name="Day10_testGetJobPositionById" classname="com.examly.springapp.SpringappApplicationTests" time="0.006">
    <system-out><![CDATA[Hibernate: select j1_0.position_id,d1_0.department_id,d1_0.contact_email,d1_0.contact_phone,d1_0.department_name,j1_0.description,j1_0.experience_required,j1_0.location,j1_0.openings,j1_0.position_title from job_position j1_0 left join department d1_0 on d1_0.department_id=j1_0.department_id where j1_0.position_id=?
]]></system-out>
  </testcase>
  <testcase name="Day10_testUpdateJobPosition" classname="com.examly.springapp.SpringappApplicationTests" time="0.012">
    <system-out><![CDATA[Hibernate: select j1_0.position_id,d1_0.department_id,d1_0.contact_email,d1_0.contact_phone,d1_0.department_name,j1_0.description,j1_0.experience_required,j1_0.location,j1_0.openings,j1_0.position_title from job_position j1_0 left join department d1_0 on d1_0.department_id=j1_0.department_id where j1_0.position_id=?
Hibernate: update job_position set department_id=?, description=?, experience_required=?, location=?, openings=?, position_title=? where position_id=?
]]></system-out>
  </testcase>
  <testcase name="Day11_testSearchJobPositions" classname="com.examly.springapp.SpringappApplicationTests" time="0.03">
    <system-out><![CDATA[Hibernate: insert into job_position (department_id, description, experience_required, location, openings, position_title) values (?, ?, ?, ?, ?, ?)
Hibernate: select j1_0.position_id,j1_0.department_id,j1_0.description,j1_0.experience_required,j1_0.location,j1_0.openings,j1_0.position_title from job_position j1_0 where upper(j1_0.position_title) like upper(?) escape '\\'
Hibernate: select d1_0.department_id,d1_0.contact_email,d1_0.contact_phone,d1_0.department_name from department d1_0 where d1_0.department_id=?
]]></system-out>
  </testcase>
  <testcase name="Day12_testAddInterviewFeedback" classname="com.examly.springapp.SpringappApplicationTests" time="0.027">
    <system-out><![CDATA[Hibernate: insert into user (deparment_id, email, password, phone_number, role, username) values (?, ?, ?, ?, ?, ?)
Hibernate: select u1_0.user_id,u1_0.deparment_id,u1_0.email,u1_0.password,u1_0.phone_number,u1_0.role,u1_0.username from user u1_0 where u1_0.user_id=?
Hibernate: select j1_0.position_id,d1_0.department_id,d1_0.contact_email,d1_0.contact_phone,d1_0.department_name,j1_0.description,j1_0.experience_required,j1_0.location,j1_0.openings,j1_0.position_title from job_position j1_0 left join department d1_0 on d1_0.department_id=j1_0.department_id where j1_0.position_id=?
Hibernate: insert into job_application (candidate_id, cover_letter, position_id, priority, resume_url, status) values (?, ?, ?, ?, ?, ?)
Hibernate: insert into interview_feedback (content, interview_round, is_internal, job_application_id, user_id) values (?, ?, ?, ?, ?)
]]></system-out>
  </testcase>
  <testcase name="Day12_testGetAllInterviewFeedbacks" classname="com.examly.springapp.SpringappApplicationTests" time="0.009">
    <system-out><![CDATA[Hibernate: select i1_0.feedback_id,i1_0.content,i1_0.interview_round,i1_0.is_internal,i1_0.job_application_id,i1_0.user_id from interview_feedback i1_0
Hibernate: select j1_0.application_id,c1_0.user_id,c1_0.deparment_id,c1_0.email,c1_0.password,c1_0.phone_number,c1_0.role,c1_0.username,j1_0.cover_letter,j2_0.position_id,d1_0.department_id,d1_0.contact_email,d1_0.contact_phone,d1_0.department_name,j2_0.description,j2_0.experience_required,j2_0.location,j2_0.openings,j2_0.position_title,j1_0.priority,j1_0.resume_url,j1_0.status from job_application j1_0 join user c1_0 on c1_0.user_id=j1_0.candidate_id join job_position j2_0 on j2_0.position_id=j1_0.position_id left join department d1_0 on d1_0.department_id=j2_0.department_id where j1_0.application_id=?
]]></system-out>
  </testcase>
  <testcase name="Day12_testGetInterviewFeedbackById" classname="com.examly.springapp.SpringappApplicationTests" time="0.007">
    <system-out><![CDATA[Hibernate: select i1_0.feedback_id,i1_0.content,i1_0.interview_round,i1_0.is_internal,i1_0.job_application_id,i1_0.user_id from interview_feedback i1_0
Hibernate: select j1_0.application_id,c1_0.user_id,c1_0.deparment_id,c1_0.email,c1_0.password,c1_0.phone_number,c1_0.role,c1_0.username,j1_0.cover_letter,j2_0.position_id,d1_0.department_id,d1_0.contact_email,d1_0.contact_phone,d1_0.department_name,j2_0.description,j2_0.experience_required,j2_0.location,j2_0.openings,j2_0.position_title,j1_0.priority,j1_0.resume_url,j1_0.status from job_application j1_0 join user c1_0 on c1_0.user_id=j1_0.candidate_id join job_position j2_0 on j2_0.position_id=j1_0.position_id left join department d1_0 on d1_0.department_id=j2_0.department_id where j1_0.application_id=?
]]></system-out>
  </testcase>
  <testcase name="Day12_testUpdateInterviewFeedback" classname="com.examly.springapp.SpringappApplicationTests" time="0.009">
    <system-out><![CDATA[Hibernate: select i1_0.feedback_id,i1_0.content,i1_0.interview_round,i1_0.is_internal,j1_0.application_id,c1_0.user_id,c1_0.deparment_id,c1_0.email,c1_0.password,c1_0.phone_number,c1_0.role,c1_0.username,j1_0.cover_letter,j2_0.position_id,j2_0.department_id,j2_0.description,j2_0.experience_required,j2_0.location,j2_0.openings,j2_0.position_title,j1_0.priority,j1_0.resume_url,j1_0.status,u1_0.user_id,u1_0.deparment_id,u1_0.email,u1_0.password,u1_0.phone_number,u1_0.role,u1_0.username from interview_feedback i1_0 join job_application j1_0 on j1_0.application_id=i1_0.job_application_id left join user c1_0 on c1_0.user_id=j1_0.candidate_id left join job_position j2_0 on j2_0.position_id=j1_0.position_id join user u1_0 on u1_0.user_id=i1_0.user_id where i1_0.feedback_id=?
Hibernate: update interview_feedback set content=?, interview_round=?, is_internal=?, job_application_id=?, user_id=? where feedback_id=?
]]></system-out>
  </testcase>
  <testcase name="Day12_testGetFeedbacksByJobApplication" classname="com.examly.springapp.SpringappApplicationTests" time="0.009">
    <system-out><![CDATA[Hibernate: select i1_0.feedback_id,i1_0.content,i1_0.interview_round,i1_0.is_internal,i1_0.job_application_id,i1_0.user_id from interview_feedback i1_0 where i1_0.job_application_id=?
Hibernate: select j1_0.application_id,c1_0.user_id,c1_0.deparment_id,c1_0.email,c1_0.password,c1_0.phone_number,c1_0.role,c1_0.username,j1_0.cover_letter,j2_0.position_id,d1_0.department_id,d1_0.contact_email,d1_0.contact_phone,d1_0.department_name,j2_0.description,j2_0.experience_required,j2_0.location,j2_0.openings,j2_0.position_title,j1_0.priority,j1_0.resume_url,j1_0.status from job_application j1_0 join user c1_0 on c1_0.user_id=j1_0.candidate_id join job_position j2_0 on j2_0.position_id=j1_0.position_id left join department d1_0 on d1_0.department_id=j2_0.department_id where j1_0.application_id=?
]]></system-out>
  </testcase>
  <testcase name="Day13_test_execption_Directory_Exists" classname="com.examly.springapp.SpringappApplicationTests" time="0.002"/>
  <testcase name="Day13_test_GloabalEception_File_Exists" classname="com.examly.springapp.SpringappApplicationTests" time="0.001"/>
  <testcase name="Day14test_configuartion_Directory_Exists" classname="com.examly.springapp.SpringappApplicationTests" time="0.001"/>
  <testcase name="Day15_testAOPLogFileExists" classname="com.examly.springapp.SpringappApplicationTests" time="0.001"/>
</testsuite>